0 info it worked if it ends with ok
1 verbose cli [ 'C:\\Program Files\\nodejs\\node.exe',
1 verbose cli   'C:\\Program Files\\nodejs\\node_modules\\npm\\bin\\npm-cli.js',
1 verbose cli   'install',
1 verbose cli   'npm-svm' ]
2 info using npm@2.15.5
3 info using node@v4.4.5
4 verbose config Skipping project config: C:\Users\samsung/.npmrc. (matches userconfig)
5 verbose install initial load of C:\Users\samsung\package.json
6 verbose installManyTop reading scoped package data from C:\Users\samsung\node_modules\body-parser\package.json
7 verbose installManyTop reading scoped package data from C:\Users\samsung\node_modules\cookie-parser\package.json
8 verbose installManyTop reading scoped package data from C:\Users\samsung\node_modules\csv\package.json
9 verbose installManyTop reading scoped package data from C:\Users\samsung\node_modules\ejs\package.json
10 verbose installManyTop reading scoped package data from C:\Users\samsung\node_modules\express\package.json
11 verbose installManyTop reading scoped package data from C:\Users\samsung\node_modules\fast-csv\package.json
12 verbose installManyTop reading scoped package data from C:\Users\samsung\node_modules\firebase\package.json
13 verbose installManyTop reading scoped package data from C:\Users\samsung\node_modules\materialize-css\package.json
14 verbose installManyTop reading scoped package data from C:\Users\samsung\node_modules\morgan\package.json
15 verbose installManyTop reading scoped package data from C:\Users\samsung\node_modules\multer\package.json
16 verbose installManyTop reading scoped package data from C:\Users\samsung\node_modules\sails\package.json
17 info package.json firebase@3.2.1 No license field.
18 verbose readDependencies loading dependencies from C:\Users\samsung\package.json
19 silly cache add args [ 'npm-svm', null ]
20 verbose cache add spec npm-svm
21 silly cache add parsed spec Result {
21 silly cache add   raw: 'npm-svm',
21 silly cache add   scope: null,
21 silly cache add   name: 'npm-svm',
21 silly cache add   rawSpec: '',
21 silly cache add   spec: 'latest',
21 silly cache add   type: 'tag' }
22 silly addNamed npm-svm@latest
23 verbose addNamed "latest" is being treated as a dist-tag for npm-svm
24 info addNameTag [ 'npm-svm', 'latest' ]
25 silly mapToRegistry name npm-svm
26 silly mapToRegistry using default registry
27 silly mapToRegistry registry https://registry.npmjs.org/
28 silly mapToRegistry data Result {
28 silly mapToRegistry   raw: 'npm-svm',
28 silly mapToRegistry   scope: null,
28 silly mapToRegistry   name: 'npm-svm',
28 silly mapToRegistry   rawSpec: '',
28 silly mapToRegistry   spec: 'latest',
28 silly mapToRegistry   type: 'tag' }
29 silly mapToRegistry uri https://registry.npmjs.org/npm-svm
30 verbose addNameTag registry:https://registry.npmjs.org/npm-svm not in flight; fetching
31 verbose request uri https://registry.npmjs.org/npm-svm
32 verbose request no auth needed
33 info attempt registry request try #1 at 2:41:06 PM
34 verbose request id 7475f4516b3dd85c
35 http request GET https://registry.npmjs.org/npm-svm
36 http 404 https://registry.npmjs.org/npm-svm
37 verbose headers { 'content-type': 'application/json',
37 verbose headers   'cache-control': 'max-age=0',
37 verbose headers   'content-length': '2',
37 verbose headers   'accept-ranges': 'bytes',
37 verbose headers   date: 'Sun, 05 Mar 2017 09:11:12 GMT',
37 verbose headers   via: '1.1 varnish',
37 verbose headers   age: '0',
37 verbose headers   connection: 'keep-alive',
37 verbose headers   'x-served-by': 'cache-cdg8726-CDG',
37 verbose headers   'x-cache': 'MISS',
37 verbose headers   'x-cache-hits': '0',
37 verbose headers   'x-timer': 'S1488705071.423498,VS0,VE766',
37 verbose headers   vary: 'Accept-Encoding' }
38 silly get cb [ 404,
38 silly get   { 'content-type': 'application/json',
38 silly get     'cache-control': 'max-age=0',
38 silly get     'content-length': '2',
38 silly get     'accept-ranges': 'bytes',
38 silly get     date: 'Sun, 05 Mar 2017 09:11:12 GMT',
38 silly get     via: '1.1 varnish',
38 silly get     age: '0',
38 silly get     connection: 'keep-alive',
38 silly get     'x-served-by': 'cache-cdg8726-CDG',
38 silly get     'x-cache': 'MISS',
38 silly get     'x-cache-hits': '0',
38 silly get     'x-timer': 'S1488705071.423498,VS0,VE766',
38 silly get     vary: 'Accept-Encoding' } ]
39 verbose stack Error: Registry returned 404 for GET on https://registry.npmjs.org/npm-svm
39 verbose stack     at makeError (C:\Program Files\nodejs\node_modules\npm\node_modules\npm-registry-client\lib\request.js:264:12)
39 verbose stack     at CachingRegistryClient.<anonymous> (C:\Program Files\nodejs\node_modules\npm\node_modules\npm-registry-client\lib\request.js:242:14)
39 verbose stack     at Request._callback (C:\Program Files\nodejs\node_modules\npm\node_modules\npm-registry-client\lib\request.js:172:14)
39 verbose stack     at Request.self.callback (C:\Program Files\nodejs\node_modules\npm\node_modules\request\request.js:200:22)
39 verbose stack     at emitTwo (events.js:87:13)
39 verbose stack     at Request.emit (events.js:172:7)
39 verbose stack     at Request.<anonymous> (C:\Program Files\nodejs\node_modules\npm\node_modules\request\request.js:1067:10)
39 verbose stack     at emitOne (events.js:82:20)
39 verbose stack     at Request.emit (events.js:169:7)
39 verbose stack     at IncomingMessage.<anonymous> (C:\Program Files\nodejs\node_modules\npm\node_modules\request\request.js:988:12)
40 verbose statusCode 404
41 verbose pkgid npm-svm
42 verbose cwd C:\Users\samsung\WebstormProjects\RE
43 error Windows_NT 6.1.7601
44 error argv "C:\\Program Files\\nodejs\\node.exe" "C:\\Program Files\\nodejs\\node_modules\\npm\\bin\\npm-cli.js" "install" "npm-svm"
45 error node v4.4.5
46 error npm  v2.15.5
47 error code E404
48 error 404 Registry returned 404 for GET on https://registry.npmjs.org/npm-svm
48 error 404
48 error 404 'npm-svm' is not in the npm registry.
48 error 404 You should bug the author to publish it (or use the name yourself!)
48 error 404
48 error 404 Note that you can also install from a
48 error 404 tarball, folder, http url, or git url.
49 verbose exit [ 1, true ]
